<?xml version="1.0" encoding="UTF-8"?>
<testsuite name="SILab2Test" tests="1" skipped="0" failures="0" errors="0" timestamp="2025-05-25T15:24:07.417Z" hostname="DESKTOP-P8TQDKV" time="0.025">
  <properties/>
  <testcase name="testMultipleCondition()" classname="SILab2Test" time="0.025"/>
  <system-out><![CDATA[]]></system-out>
  <system-err><![CDATA[]]></system-err>
</testsuite>
